INFO: Starting Game
INFO: Starting UI
INFO: Initializing room...
INFO: Hello!
INFO: Spawning an Apple!
INFO: Apple position: 384, 64;
INFO: Packing UI
INFO: Drawing game
INFO: Drawing game
INFO: Ticking room, time: 0
INFO: Checking collision...
INFO: End collision checking
INFO: Step...
INFO: Snake pos: 320, 320;
INFO: Drawing game
INFO: Ticking room, time: 1
INFO: Checking collision...
INFO: End collision checking
INFO: Step...
INFO: Snake pos: 320, 320;
INFO: Drawing game
INFO: Ticking room, time: 2
INFO: Checking collision...
INFO: End collision checking
INFO: Step...
INFO: Snake pos: 320, 320;
INFO: Drawing game
INFO: Ticking room, time: 3
INFO: Checking collision...
INFO: End collision checking
INFO: Step...
INFO: Snake pos: 320, 320;
INFO: Drawing game
INFO: Ticking room, time: 4
INFO: Checking collision...
INFO: End collision checking
INFO: Step...
INFO: Snake pos: 320, 288;
INFO: Drawing game
INFO: Ticking room, time: 5
INFO: Checking collision...
INFO: End collision checking
INFO: Step...
INFO: Snake pos: 320, 256;
INFO: Drawing game
INFO: Ticking room, time: 6
INFO: Checking collision...
INFO: End collision checking
INFO: Step...
INFO: Snake pos: 320, 224;
INFO: Drawing game
INFO: Ticking room, time: 7
INFO: Checking collision...
INFO: End collision checking
INFO: Step...
INFO: Snake pos: 320, 192;
INFO: Drawing game
INFO: Ticking room, time: 8
INFO: Checking collision...
INFO: End collision checking
INFO: Step...
INFO: Snake pos: 320, 160;
INFO: Drawing game
INFO: Ticking room, time: 9
INFO: Checking collision...
INFO: End collision checking
INFO: Step...
INFO: Snake pos: 320, 128;
INFO: Drawing game
INFO: Ticking room, time: 10
INFO: Checking collision...
INFO: End collision checking
INFO: Step...
INFO: Snake pos: 320, 96;
INFO: Drawing game
INFO: Ticking room, time: 11
INFO: Checking collision...
INFO: End collision checking
INFO: Step...
INFO: Snake pos: 320, 64;
INFO: Drawing game
INFO: Ticking room, time: 12
INFO: Checking collision...
INFO: End collision checking
INFO: Step...
INFO: Snake pos: 352, 64;
INFO: Drawing game
INFO: Ticking room, time: 13
INFO: Checking collision...
INFO: End collision checking
INFO: Step...
INFO: Snake pos: 384, 64;
INFO: Drawing game
INFO: Ticking room, time: 14
INFO: Checking collision...
INFO: Spawning an Apple!
INFO: Apple position: 32, 544;
INFO: End collision checking
INFO: Step...
INFO: Snake pos: 416, 64;
INFO: Drawing game
INFO: Ticking room, time: 15
INFO: Checking collision...
INFO: End collision checking
INFO: Step...
INFO: Snake pos: 416, 96;
INFO: Drawing game
INFO: Ticking room, time: 16
INFO: Checking collision...
INFO: End collision checking
INFO: Step...
INFO: Snake pos: 416, 128;
INFO: Drawing game
INFO: Ticking room, time: 17
INFO: Checking collision...
INFO: End collision checking
INFO: Step...
INFO: Snake pos: 416, 160;
INFO: Drawing game
INFO: Ticking room, time: 18
INFO: Checking collision...
INFO: End collision checking
INFO: Step...
INFO: Snake pos: 384, 160;
INFO: Drawing game
INFO: Ticking room, time: 19
INFO: Checking collision...
INFO: End collision checking
INFO: Step...
INFO: Snake pos: 352, 160;
INFO: Drawing game
INFO: Ticking room, time: 20
INFO: Checking collision...
INFO: End collision checking
INFO: Step...
INFO: Snake pos: 320, 160;
INFO: Drawing game
INFO: Ticking room, time: 21
INFO: Checking collision...
INFO: End collision checking
INFO: Step...
INFO: Snake pos: 288, 160;
INFO: Drawing game
INFO: Ticking room, time: 22
INFO: Checking collision...
INFO: End collision checking
INFO: Step...
INFO: Snake pos: 256, 160;
INFO: Drawing game
INFO: Ticking room, time: 23
INFO: Checking collision...
INFO: End collision checking
INFO: Step...
INFO: Snake pos: 224, 160;
INFO: Drawing game
INFO: Ticking room, time: 24
INFO: Checking collision...
INFO: End collision checking
INFO: Step...
INFO: Snake pos: 192, 160;
INFO: Drawing game
INFO: Ticking room, time: 25
INFO: Checking collision...
INFO: End collision checking
INFO: Step...
INFO: Snake pos: 160, 160;
INFO: Drawing game
INFO: Ticking room, time: 26
INFO: Checking collision...
INFO: End collision checking
INFO: Step...
INFO: Snake pos: 128, 160;
INFO: Drawing game
INFO: Ticking room, time: 27
INFO: Checking collision...
INFO: End collision checking
INFO: Step...
INFO: Snake pos: 96, 160;
INFO: Drawing game
INFO: Ticking room, time: 28
INFO: Checking collision...
INFO: End collision checking
INFO: Step...
INFO: Snake pos: 64, 160;
INFO: Drawing game
INFO: Ticking room, time: 29
INFO: Checking collision...
INFO: End collision checking
INFO: Step...
INFO: Snake pos: 32, 160;
INFO: Drawing game
INFO: Ticking room, time: 30
INFO: Checking collision...
INFO: End collision checking
INFO: Step...
INFO: Snake pos: 0, 160;
INFO: Drawing game
INFO: Ticking room, time: 31
INFO: Checking collision...
INFO: End collision checking
INFO: Step...
INFO: Snake pos: -32, 160;
INFO: Drawing game
INFO: Ticking room, time: 32
INFO: Checking collision...
INFO: uh oh
INFO: End collision checking
INFO: Step...
INFO: Snake pos: -64, 160;
INFO: Drawing game
INFO: Game Over! Score: 3
